<?xml version="1.0" encoding="UTF-8"?>
<testng-results ignored="0" total="1" passed="1" failed="0" skipped="0">
  <reporter-output>
  </reporter-output>
  <suite started-at="2023-10-08T00:01:45 IST" name="Default suite" finished-at="2023-10-08T00:02:01 IST" duration-ms="15539">
    <groups>
    </groups>
    <test started-at="2023-10-08T00:01:45 IST" name="Default test" finished-at="2023-10-08T00:02:01 IST" duration-ms="15539">
      <class name="testCases.ExcelHandling">
        <test-method signature="excelsheet()[pri:0, instance:testCases.ExcelHandling@35d019a3]" started-at="2023-10-08T00:01:45 IST" name="excelsheet" finished-at="2023-10-08T00:02:01 IST" duration-ms="15500" status="PASS">
          <reporter-output>
          </reporter-output>
        </test-method> <!-- excelsheet -->
      </class> <!-- testCases.ExcelHandling -->
    </test> <!-- Default test -->
  </suite> <!-- Default suite -->
</testng-results>
